This file contains any messages produced by compilers while
running configure, to aid debugging if configure makes a mistake.

It was created by libjx configure 1.0, which was
generated by GNU Autoconf 2.63.  Invocation command line was

  $ ./configure 

## --------- ##
## Platform. ##
## --------- ##

hostname = r-zorro001
uname -m = x86_64
uname -r = 2.6.32-71.el6.x86_64
uname -s = Linux
uname -v = #1 SMP Wed Sep 1 01:33:01 EDT 2010

/usr/bin/uname -p = unknown
/bin/uname -X     = unknown

/bin/arch              = x86_64
/usr/bin/arch -k       = unknown
/usr/convex/getsysinfo = unknown
/usr/bin/hostinfo      = unknown
/bin/machine           = unknown
/usr/bin/oslevel       = unknown
/bin/universe          = unknown

PATH: /usr/lib64/qt-3.3/bin
PATH: /usr/local/bin
PATH: /bin
PATH: /usr/bin
PATH: /usr/local/sbin
PATH: /usr/sbin
PATH: /sbin
PATH: /opt/bin
PATH: /labhome/amirh/bin


## ----------- ##
## Core tests. ##
## ----------- ##

configure:1842: checking for ranlib
configure:1858: found /usr/bin/ranlib
configure:1869: result: ranlib
configure:1950: checking for gcc
configure:1966: found /usr/bin/gcc
configure:1977: result: gcc
configure:2011: checking for C compiler version
configure:2019: gcc --version >&5
gcc (GCC) 4.4.4 20100726 (Red Hat 4.4.4-13)
Copyright (C) 2010 Free Software Foundation, Inc.
This is free software; see the source for copying conditions.  There is NO
warranty; not even for MERCHANTABILITY or FITNESS FOR A PARTICULAR PURPOSE.

configure:2023: $? = 0
configure:2030: gcc -v >&5
Using built-in specs.
Target: x86_64-redhat-linux
Configured with: ../configure --prefix=/usr --mandir=/usr/share/man --infodir=/usr/share/info --with-bugurl=http://bugzilla.redhat.com/bugzilla --enable-bootstrap --enable-shared --enable-threads=posix --enable-checking=release --with-system-zlib --enable-__cxa_atexit --disable-libunwind-exceptions --enable-gnu-unique-object --enable-languages=c,c++,objc,obj-c++,java,fortran,ada --enable-java-awt=gtk --disable-dssi --with-java-home=/usr/lib/jvm/java-1.5.0-gcj-1.5.0.0/jre --enable-libgcj-multifile --enable-java-maintainer-mode --with-ecj-jar=/usr/share/java/eclipse-ecj.jar --disable-libjava-multilib --with-ppl --with-cloog --with-tune=generic --with-arch_32=i686 --build=x86_64-redhat-linux
Thread model: posix
gcc version 4.4.4 20100726 (Red Hat 4.4.4-13) (GCC) 
configure:2034: $? = 0
configure:2041: gcc -V >&5
gcc: '-V' option must have argument
configure:2045: $? = 1
configure:2068: checking for C compiler default output file name
configure:2090: gcc    conftest.c  >&5
configure:2094: $? = 0
configure:2132: result: a.out
configure:2151: checking whether the C compiler works
configure:2161: ./a.out
configure:2165: $? = 0
configure:2184: result: yes
configure:2191: checking whether we are cross compiling
configure:2193: result: no
configure:2196: checking for suffix of executables
configure:2203: gcc -o conftest    conftest.c  >&5
configure:2207: $? = 0
configure:2233: result: 
configure:2239: checking for suffix of object files
configure:2265: gcc -c   conftest.c >&5
configure:2269: $? = 0
configure:2294: result: o
configure:2298: checking whether we are using the GNU C compiler
configure:2327: gcc -c   conftest.c >&5
configure:2334: $? = 0
configure:2351: result: yes
configure:2360: checking whether gcc accepts -g
configure:2390: gcc -c -g  conftest.c >&5
configure:2397: $? = 0
configure:2498: result: yes
configure:2515: checking for gcc option to accept ISO C89
configure:2589: gcc  -c -g -O2  conftest.c >&5
configure:2596: $? = 0
configure:2619: result: none needed
configure:2695: checking for g++
configure:2711: found /usr/bin/g++
configure:2722: result: g++
configure:2749: checking for C++ compiler version
configure:2757: g++ --version >&5
g++ (GCC) 4.4.4 20100726 (Red Hat 4.4.4-13)
Copyright (C) 2010 Free Software Foundation, Inc.
This is free software; see the source for copying conditions.  There is NO
warranty; not even for MERCHANTABILITY or FITNESS FOR A PARTICULAR PURPOSE.

configure:2761: $? = 0
configure:2768: g++ -v >&5
Using built-in specs.
Target: x86_64-redhat-linux
Configured with: ../configure --prefix=/usr --mandir=/usr/share/man --infodir=/usr/share/info --with-bugurl=http://bugzilla.redhat.com/bugzilla --enable-bootstrap --enable-shared --enable-threads=posix --enable-checking=release --with-system-zlib --enable-__cxa_atexit --disable-libunwind-exceptions --enable-gnu-unique-object --enable-languages=c,c++,objc,obj-c++,java,fortran,ada --enable-java-awt=gtk --disable-dssi --with-java-home=/usr/lib/jvm/java-1.5.0-gcj-1.5.0.0/jre --enable-libgcj-multifile --enable-java-maintainer-mode --with-ecj-jar=/usr/share/java/eclipse-ecj.jar --disable-libjava-multilib --with-ppl --with-cloog --with-tune=generic --with-arch_32=i686 --build=x86_64-redhat-linux
Thread model: posix
gcc version 4.4.4 20100726 (Red Hat 4.4.4-13) (GCC) 
configure:2772: $? = 0
configure:2779: g++ -V >&5
g++: '-V' option must have argument
configure:2783: $? = 1
configure:2786: checking whether we are using the GNU C++ compiler
configure:2815: g++ -c   conftest.cpp >&5
configure:2822: $? = 0
configure:2839: result: yes
configure:2848: checking whether g++ accepts -g
configure:2878: g++ -c -g  conftest.cpp >&5
configure:2885: $? = 0
configure:2986: result: yes
configure:3060: checking for a BSD-compatible install
configure:3128: result: /usr/bin/install -c
configure:3139: checking whether build environment is sane
configure:3199: result: yes
configure:3340: checking for a thread-safe mkdir -p
configure:3379: result: /bin/mkdir -p
configure:3392: checking for gawk
configure:3408: found /bin/gawk
configure:3419: result: gawk
configure:3430: checking whether make sets $(MAKE)
configure:3452: result: yes
configure:3482: checking for style of include used by make
configure:3510: result: GNU
configure:3597: checking dependency style of gcc
configure:3707: result: gcc3
configure:3724: checking dependency style of g++
configure:3834: result: gcc3
configure:4037: creating ./config.status

## ---------------------- ##
## Running config.status. ##
## ---------------------- ##

This file was extended by libjx config.status 1.0, which was
generated by GNU Autoconf 2.63.  Invocation command line was

  CONFIG_FILES    = 
  CONFIG_HEADERS  = 
  CONFIG_LINKS    = 
  CONFIG_COMMANDS = 
  $ ./config.status 

on r-zorro001

config.status:699: creating Makefile
config.status:699: creating src/Makefile
config.status:910: executing depfiles commands

## ---------------- ##
## Cache variables. ##
## ---------------- ##

ac_cv_c_compiler_gnu=yes
ac_cv_cxx_compiler_gnu=yes
ac_cv_env_CCC_set=
ac_cv_env_CCC_value=
ac_cv_env_CC_set=
ac_cv_env_CC_value=
ac_cv_env_CFLAGS_set=
ac_cv_env_CFLAGS_value=
ac_cv_env_CPPFLAGS_set=
ac_cv_env_CPPFLAGS_value=
ac_cv_env_CXXFLAGS_set=
ac_cv_env_CXXFLAGS_value=
ac_cv_env_CXX_set=
ac_cv_env_CXX_value=
ac_cv_env_LDFLAGS_set=
ac_cv_env_LDFLAGS_value=
ac_cv_env_LIBS_set=
ac_cv_env_LIBS_value=
ac_cv_env_build_alias_set=
ac_cv_env_build_alias_value=
ac_cv_env_host_alias_set=
ac_cv_env_host_alias_value=
ac_cv_env_target_alias_set=
ac_cv_env_target_alias_value=
ac_cv_objext=o
ac_cv_path_install='/usr/bin/install -c'
ac_cv_path_mkdir=/bin/mkdir
ac_cv_prog_AWK=gawk
ac_cv_prog_ac_ct_CC=gcc
ac_cv_prog_ac_ct_CXX=g++
ac_cv_prog_ac_ct_RANLIB=ranlib
ac_cv_prog_cc_c89=
ac_cv_prog_cc_g=yes
ac_cv_prog_cxx_g=yes
ac_cv_prog_make_make_set=yes
am_cv_CC_dependencies_compiler_type=gcc3
am_cv_CXX_dependencies_compiler_type=gcc3

## ----------------- ##
## Output variables. ##
## ----------------- ##

ACLOCAL='${SHELL} /.autodirect/mtrswgwork/amirh/jx/c/missing --run aclocal-1.11'
AMDEPBACKSLASH='\'
AMDEP_FALSE='#'
AMDEP_TRUE=''
AMTAR='${SHELL} /.autodirect/mtrswgwork/amirh/jx/c/missing --run tar'
AM_CFLAGS=''
AM_LDFLAGS=''
AUTOCONF='${SHELL} /.autodirect/mtrswgwork/amirh/jx/c/missing --run autoconf'
AUTOHEADER='${SHELL} /.autodirect/mtrswgwork/amirh/jx/c/missing --run autoheader'
AUTOMAKE='${SHELL} /.autodirect/mtrswgwork/amirh/jx/c/missing --run automake-1.11'
AWK='gawk'
CC='gcc'
CCDEPMODE='depmode=gcc3'
CFLAGS=''
CPPFLAGS=''
CXX='g++'
CXXDEPMODE='depmode=gcc3'
CXXFLAGS='-g -O2'
CYGPATH_W='echo'
DEFS='-DPACKAGE_NAME=\"libjx\" -DPACKAGE_TARNAME=\"libjx\" -DPACKAGE_VERSION=\"1.0\" -DPACKAGE_STRING=\"libjx\ 1.0\" -DPACKAGE_BUGREPORT=\"\" -DPACKAGE=\"libjx\" -DVERSION=\"1.0\"'
DEPDIR='.deps'
ECHO_C=''
ECHO_N='-n'
ECHO_T=''
EXEEXT=''
INSTALL_DATA='${INSTALL} -m 644'
INSTALL_PROGRAM='${INSTALL}'
INSTALL_SCRIPT='${INSTALL}'
INSTALL_STRIP_PROGRAM='$(install_sh) -c -s'
LDFLAGS=''
LIBOBJS=''
LIBS=''
LTLIBOBJS=''
MAKEINFO='${SHELL} /.autodirect/mtrswgwork/amirh/jx/c/missing --run makeinfo'
MKDIR_P='/bin/mkdir -p'
OBJEXT='o'
PACKAGE='libjx'
PACKAGE_BUGREPORT=''
PACKAGE_NAME='libjx'
PACKAGE_STRING='libjx 1.0'
PACKAGE_TARNAME='libjx'
PACKAGE_VERSION='1.0'
PATH_SEPARATOR=':'
RANLIB='ranlib'
SET_MAKE=''
SHELL='/bin/sh'
STRIP=''
VERSION='1.0'
ac_ct_CC='gcc'
ac_ct_CXX='g++'
am__EXEEXT_FALSE=''
am__EXEEXT_TRUE='#'
am__fastdepCC_FALSE='#'
am__fastdepCC_TRUE=''
am__fastdepCXX_FALSE='#'
am__fastdepCXX_TRUE=''
am__include='include'
am__isrc=''
am__leading_dot='.'
am__quote=''
am__tar='${AMTAR} chof - "$$tardir"'
am__untar='${AMTAR} xf -'
bindir='${exec_prefix}/bin'
build_alias=''
datadir='${datarootdir}'
datarootdir='${prefix}/share'
docdir='${datarootdir}/doc/${PACKAGE_TARNAME}'
dvidir='${docdir}'
exec_prefix='${prefix}'
host_alias=''
htmldir='${docdir}'
includedir='${prefix}/include'
infodir='${datarootdir}/info'
install_sh='${SHELL} /.autodirect/mtrswgwork/amirh/jx/c/install-sh'
libdir='${exec_prefix}/lib'
libexecdir='${exec_prefix}/libexec'
localedir='${datarootdir}/locale'
localstatedir='${prefix}/var'
mandir='${datarootdir}/man'
mkdir_p='/bin/mkdir -p'
oldincludedir='/usr/include'
pdfdir='${docdir}'
prefix='/usr/local'
program_transform_name='s,x,x,'
psdir='${docdir}'
sbindir='${exec_prefix}/sbin'
sharedstatedir='${prefix}/com'
sysconfdir='${prefix}/etc'
target_alias=''

## ----------- ##
## confdefs.h. ##
## ----------- ##

#define PACKAGE_NAME "libjx"
#define PACKAGE_TARNAME "libjx"
#define PACKAGE_VERSION "1.0"
#define PACKAGE_STRING "libjx 1.0"
#define PACKAGE_BUGREPORT ""
#define PACKAGE "libjx"
#define VERSION "1.0"

configure: exit 0
